<?xml version="1.0" encoding="UTF-8"?>
<!-- Generated by org.testng.reporters.JUnitReportReporter -->
<testsuite skipped="0" hostname="Imrans-MacBook-Air.local" name="testcses.TestHomePage" tests="1" failures="0" timestamp="27 Jan 2018 17:58:01 GMT" time="15.707" errors="0">
  <testcase name="login" time="15.707" classname="testcses.TestHomePage"/>
</testsuite> <!-- testcses.TestHomePage -->
