<?xml version="1.0" encoding="UTF-8"?>
<!-- Generated by org.testng.reporters.JUnitReportReporter -->
<testsuite skipped="0" hostname="Imrans-MacBook-Air.local" name="testcases.TestHomePage" tests="2" failures="0" timestamp="26 Jan 2018 17:24:28 GMT" time="16.054" errors="0">
  <testcase name="testLangChangeEnglishToChinese" time="6.564" classname="testcases.TestHomePage"/>
  <testcase name="testSearch" time="9.490" classname="testcases.TestHomePage"/>
</testsuite> <!-- testcases.TestHomePage -->
