<?xml version="1.0" encoding="UTF-8"?>
<!-- Generated by org.testng.reporters.JUnitReportReporter -->
<testsuite skipped="0" hostname="Imrans-MacBook-Air.local" name="testcases.TestHomePage" tests="1" failures="0" timestamp="24 Jan 2018 19:17:42 GMT" time="13.262" errors="0">
  <testcase name="testSearch" time="13.262" classname="testcases.TestHomePage"/>
</testsuite> <!-- testcases.TestHomePage -->
