<?xml version="1.0" encoding="UTF-8"?>
<!-- Generated by org.testng.reporters.JUnitReportReporter -->
<testsuite skipped="0" hostname="Imrans-MacBook-Air.local" name="testcases.TestProviderligInPage" tests="1" failures="0" timestamp="24 Jan 2018 23:37:52 GMT" time="11.464" errors="0">
  <testcase name="testProviderLogIn" time="11.464" classname="testcases.TestProviderligInPage"/>
</testsuite> <!-- testcases.TestProviderligInPage -->
