<?xml version="1.0" encoding="UTF-8"?>
<!-- Generated by org.testng.reporters.JUnitReportReporter -->
<testsuite skipped="0" hostname="Imrans-MacBook-Air.local" name="testcases.TestHomePage" tests="1" failures="0" timestamp="23 Jan 2018 22:05:33 GMT" time="34.877" errors="0">
  <testcase name="testSearch" time="34.877" classname="testcases.TestHomePage"/>
</testsuite> <!-- testcases.TestHomePage -->
