<?xml version="1.0" encoding="UTF-8"?>
<!-- Generated by org.testng.reporters.JUnitReportReporter -->
<testsuite skipped="0" hostname="Imrans-MacBook-Air.local" name="testcases.TestHomePage" tests="2" failures="0" timestamp="24 Jan 2018 22:36:51 GMT" time="17.776" errors="0">
  <testcase name="testSearch" time="9.416" classname="testcases.TestHomePage"/>
  <testcase name="testLangChangeEnglishToChinese" time="8.360" classname="testcases.TestHomePage"/>
</testsuite> <!-- testcases.TestHomePage -->
