<?xml version="1.0" encoding="UTF-8"?>
<!-- Generated by org.testng.reporters.JUnitReportReporter -->
<testsuite skipped="0" hostname="Imrans-MacBook-Air.local" name="testcases.TestMemberLogInPage" tests="4" failures="0" timestamp="24 Jan 2018 23:37:52 GMT" time="104.552" errors="0">
  <testcase name="testMemberLogIn" time="14.004" classname="testcases.TestMemberLogInPage"/>
  <testcase name="testMemberLogIn" time="11.809" classname="testcases.TestMemberLogInPage"/>
  <testcase name="testMemberLogIn" time="15.851" classname="testcases.TestMemberLogInPage"/>
  <testcase name="testMemberLogIn" time="62.888" classname="testcases.TestMemberLogInPage"/>
</testsuite> <!-- testcases.TestMemberLogInPage -->
