<?xml version="1.0" encoding="UTF-8"?>
<!-- Generated by org.testng.reporters.JUnitReportReporter -->
<testsuite skipped="0" hostname="Imrans-MacBook-Air.local" name="testcases.TestHomePage" tests="2" failures="0" timestamp="24 Jan 2018 23:37:52 GMT" time="26.255" errors="0">
  <testcase name="testSearch" time="10.758" classname="testcases.TestHomePage"/>
  <testcase name="testLangChangeEnglishToChinese" time="15.497" classname="testcases.TestHomePage"/>
</testsuite> <!-- testcases.TestHomePage -->
